<?xml version="1.0" encoding="UTF-8"?>
<testsuite xmlns:xsi="http://www.w3.org/2001/XMLSchema-instance" xsi:noNamespaceSchemaLocation="https://maven.apache.org/surefire/maven-surefire-plugin/xsd/surefire-test-report.xsd" name="com.example.drinkshop.MainControllerTests" time="13.298" tests="8" errors="0" skipped="0" failures="0">
  <properties>
[...]
</properties>
  <testcase name="order_success" classname="com.example.drinkshop.MainControllerTests" time="0.281"/>
  <testcase name="createProduct_fail" classname="com.example.drinkshop.MainControllerTests" time="0.187"/>
  <testcase name="createUser_fail" classname="com.example.drinkshop.MainControllerTests" time="0.047"/>
  <testcase name="getProducts_success" classname="com.example.drinkshop.MainControllerTests" time="0.109"/>
  <testcase name="createProduct_success" classname="com.example.drinkshop.MainControllerTests" time="0.109"/>
  <testcase name="createUser_success" classname="com.example.drinkshop.MainControllerTests" time="0"/>
  <testcase name="getUsers_success" classname="com.example.drinkshop.MainControllerTests" time="0"/>
  <testcase name="getProductById_success" classname="com.example.drinkshop.MainControllerTests" time="0"/>
</testsuite>